[ERROR]: Can't find VDDC and VSS domain.  Make sure that both exist in VDDA VDDC and VSS VSS.
[ERROR]: during executing openroad script /openlane/scripts/openroad/pdn.tcl
[ERROR]: Log: ../home/vboxuser/caravel_user_Neuromorphic_X1_32x32/openlane/Neuromorphic_X1_32x32_wb_wrapper/runs/25_08_19_19_24/logs/floorplan/7-pdn.log
[ERROR]: Last 10 lines:
[WARNING PSM-0038] Unconnected node on net VDDA at location (580.000um, 745.985um), layer: met3.
[WARNING PSM-0038] Unconnected node on net VDDA at location (580.000um, 752.445um), layer: met3.
[WARNING PSM-0038] Unconnected node on net VDDA at location (580.000um, 758.350um), layer: met3.
[WARNING PSM-0038] Unconnected node on net VDDA at location (580.000um, 760.960um), layer: met3.
[WARNING PSM-0038] Unconnected node on net VDDA at location (580.000um, 777.580um), layer: met3.
[WARNING PSM-0038] Unconnected node on net VDDA at location (580.000um, 780.580um), layer: met3.
[WARNING PSM-0039] Unconnected instance functional.NEUROMORPHIC_X1_inst/VDDA at location (580.000um, 741.532um).
[ERROR PSM-0069] Check connectivity failed on VDDA.
Error: pdn.tcl, 43 PSM-0069
child process exited abnormally

[ERROR]: Creating issue reproducible...
[ERROR]: Step 7 (floorplan) failed with error:
-code 1 -level 0 -errorcode NONE -errorinfo {
    while executing
"throw_error"
    (procedure "run_tcl_script" line 219)
    invoked from within
"run_tcl_script -tool openroad -no_consume {*}$args"
    (procedure "run_openroad_script" line 2)
    invoked from within
"run_openroad_script $::env(SCRIPTS_DIR)/openroad/pdn.tcl  -indexed_log [index_file $::env(floorplan_logs)/pdn.log]  -save "to=$::env(floorplan_results..."
    (procedure "gen_pdn" line 15)
    invoked from within
"gen_pdn"
    (procedure "run_power_grid_generation" line 65)
    invoked from within
"run_power_grid_generation"
    (procedure "run_floorplan" line 56)
    invoked from within
"run_floorplan"} -errorline 1
[ERROR]: Flow failed.
